<?xml version="1.0" encoding="UTF-8"?>
<!-- Generated by org.testng.reporters.JUnitXMLReporter -->
<testsuite hostname="SGMacBookPROs-MacBook-Pro.local" name="Sanity Tests" tests="3" failures="3" timestamp="8 Oct 2015 08:08:36 GMT" time="181.988" errors="0">
  <testcase name="loginSample" time="83.724" classname="Native.SanityAndroid">
    <failure type="com.applitools.eyes.TestFailedException" message="&amp;apos;Droid_SampleApp- Order Lookup parameters&amp;apos; of &amp;apos;Droid_SG&amp;apos;. See details at https://eyes.applitools.com/app/sessions/251958009224252">
      <![CDATA[com.applitools.eyes.TestFailedException: 'Droid_SampleApp- Order Lookup parameters' of 'Droid_SG'. See details at https://eyes.applitools.com/app/sessions/251958009224252
	at com.applitools.eyes.EyesBase.close(EyesBase.java:504)
	at com.applitools.eyes.Eyes.close(Eyes.java:22)
	at com.applitools.eyes.EyesBase.close(EyesBase.java:444)
	at com.applitools.eyes.Eyes.close(Eyes.java:22)
	at Native.DroidMethods.eyesCheckWindow(DroidMethods.java:77)
	at Native.SanityAndroid.loginSample(SanityAndroid.java:232)
... Removed 24 stack frames]]>
    </failure>
  </testcase> <!-- loginSample -->
  <testcase name="loginSample" time="48.026" classname="Native.SanityAndroid">
    <failure type="org.openqa.selenium.NoSuchElementException" message="An element could not be located on the page using the given search parameters. (WARNING: The server did not provide any stacktrace information)
Command duration or timeout: 48.02 seconds
For documentation on this error, please visit: http://seleniumhq.org/exceptions/no_such_element.html
Build info: version: &amp;apos;2.44.0&amp;apos;, revision: &amp;apos;76d78cf323ce037c5f92db6c1bba601c2ac43ad8&amp;apos;, time: &amp;apos;2014-10-23 13:11:40&amp;apos;
System info: host: &amp;apos;SGMacBookPROs-MacBook-Pro.local&amp;apos;, ip: &amp;apos;10.0.0.92&amp;apos;, os.name: &amp;apos;Mac OS X&amp;apos;, os.arch: &amp;apos;x86_64&amp;apos;, os.version: &amp;apos;10.10.5&amp;apos;, java.version: &amp;apos;1.8.0_40&amp;apos;
Driver info: io.appium.java_client.android.AndroidDriver
Capabilities [{app=/Users/sgmacbookpro/Appium/Android/SkyGiraffe.apk, appPackage=com.skygiraffe.operationaldata, networkConnectionEnabled=true, warnings={}, databaseEnabled=false, version=, deviceName=04d736ab90c692e9, platform=ANDROID, appActivity=com.skygiraffe.operationaldata.LoginScreenActivity, desired={app=/Users/sgmacbookpro/Appium/Android/SkyGiraffe.apk, appPackage=com.skygiraffe.operationaldata, appActivity=com.skygiraffe.operationaldata.LoginScreenActivity, appium-version=1.3.7, platformVersion=5.1, browserName=android, platformName=Android, version=, deviceName=Nexus 4, platform=ANDROID}, appium-version=1.3.7, platformVersion=5.1.1, webStorageEnabled=false, locationContextEnabled=false, browserName=android, takesScreenshot=true, javascriptEnabled=true, platformName=Android}]
Session ID: de8a6743-c8f0-4f0f-9a0d-8f2d86e37785">
      <![CDATA[org.openqa.selenium.NoSuchElementException: An element could not be located on the page using the given search parameters. (WARNING: The server did not provide any stacktrace information)
Command duration or timeout: 48.02 seconds
For documentation on this error, please visit: http://seleniumhq.org/exceptions/no_such_element.html
Build info: version: '2.44.0', revision: '76d78cf323ce037c5f92db6c1bba601c2ac43ad8', time: '2014-10-23 13:11:40'
System info: host: 'SGMacBookPROs-MacBook-Pro.local', ip: '10.0.0.92', os.name: 'Mac OS X', os.arch: 'x86_64', os.version: '10.10.5', java.version: '1.8.0_40'
Driver info: io.appium.java_client.android.AndroidDriver
Capabilities [{app=/Users/sgmacbookpro/Appium/Android/SkyGiraffe.apk, appPackage=com.skygiraffe.operationaldata, networkConnectionEnabled=true, warnings={}, databaseEnabled=false, version=, deviceName=04d736ab90c692e9, platform=ANDROID, appActivity=com.skygiraffe.operationaldata.LoginScreenActivity, desired={app=/Users/sgmacbookpro/Appium/Android/SkyGiraffe.apk, appPackage=com.skygiraffe.operationaldata, appActivity=com.skygiraffe.operationaldata.LoginScreenActivity, appium-version=1.3.7, platformVersion=5.1, browserName=android, platformName=Android, version=, deviceName=Nexus 4, platform=ANDROID}, appium-version=1.3.7, platformVersion=5.1.1, webStorageEnabled=false, locationContextEnabled=false, browserName=android, takesScreenshot=true, javascriptEnabled=true, platformName=Android}]
Session ID: de8a6743-c8f0-4f0f-9a0d-8f2d86e37785
	at org.openqa.selenium.remote.ErrorHandler.createThrowable(ErrorHandler.java:204)
	at org.openqa.selenium.remote.ErrorHandler.throwIfResponseFailed(ErrorHandler.java:156)
	at org.openqa.selenium.remote.RemoteWebDriver.execute(RemoteWebDriver.java:599)
	at io.appium.java_client.AppiumDriver.execute(AppiumDriver.java:180)
	at org.openqa.selenium.remote.RemoteWebDriver.findElement(RemoteWebDriver.java:352)
	at io.appium.java_client.android.AndroidDriver.findElementByAndroidUIAutomator(AndroidDriver.java:244)
	at io.appium.java_client.android.AndroidDriver.scrollToExact(AndroidDriver.java:65)
	at Native.SanityAndroid.loginSample(SanityAndroid.java:107)
... Removed 28 stack frames]]>
    </failure>
  </testcase> <!-- loginSample -->
  <testcase name="loginSample" time="48.949" classname="Native.SanityAndroid">
    <failure type="org.openqa.selenium.NoSuchElementException" message="An element could not be located on the page using the given search parameters. (WARNING: The server did not provide any stacktrace information)
Command duration or timeout: 48.95 seconds
For documentation on this error, please visit: http://seleniumhq.org/exceptions/no_such_element.html
Build info: version: &amp;apos;2.44.0&amp;apos;, revision: &amp;apos;76d78cf323ce037c5f92db6c1bba601c2ac43ad8&amp;apos;, time: &amp;apos;2014-10-23 13:11:40&amp;apos;
System info: host: &amp;apos;SGMacBookPROs-MacBook-Pro.local&amp;apos;, ip: &amp;apos;10.0.0.92&amp;apos;, os.name: &amp;apos;Mac OS X&amp;apos;, os.arch: &amp;apos;x86_64&amp;apos;, os.version: &amp;apos;10.10.5&amp;apos;, java.version: &amp;apos;1.8.0_40&amp;apos;
Driver info: io.appium.java_client.android.AndroidDriver
Capabilities [{app=/Users/sgmacbookpro/Appium/Android/SkyGiraffe.apk, appPackage=com.skygiraffe.operationaldata, networkConnectionEnabled=true, warnings={}, databaseEnabled=false, version=, deviceName=04d736ab90c692e9, platform=ANDROID, appActivity=com.skygiraffe.operationaldata.LoginScreenActivity, desired={app=/Users/sgmacbookpro/Appium/Android/SkyGiraffe.apk, appPackage=com.skygiraffe.operationaldata, appActivity=com.skygiraffe.operationaldata.LoginScreenActivity, appium-version=1.3.7, platformVersion=5.1, browserName=android, platformName=Android, version=, deviceName=Nexus 4, platform=ANDROID}, appium-version=1.3.7, platformVersion=5.1.1, webStorageEnabled=false, locationContextEnabled=false, browserName=android, takesScreenshot=true, javascriptEnabled=true, platformName=Android}]
Session ID: de8a6743-c8f0-4f0f-9a0d-8f2d86e37785">
      <![CDATA[org.openqa.selenium.NoSuchElementException: An element could not be located on the page using the given search parameters. (WARNING: The server did not provide any stacktrace information)
Command duration or timeout: 48.95 seconds
For documentation on this error, please visit: http://seleniumhq.org/exceptions/no_such_element.html
Build info: version: '2.44.0', revision: '76d78cf323ce037c5f92db6c1bba601c2ac43ad8', time: '2014-10-23 13:11:40'
System info: host: 'SGMacBookPROs-MacBook-Pro.local', ip: '10.0.0.92', os.name: 'Mac OS X', os.arch: 'x86_64', os.version: '10.10.5', java.version: '1.8.0_40'
Driver info: io.appium.java_client.android.AndroidDriver
Capabilities [{app=/Users/sgmacbookpro/Appium/Android/SkyGiraffe.apk, appPackage=com.skygiraffe.operationaldata, networkConnectionEnabled=true, warnings={}, databaseEnabled=false, version=, deviceName=04d736ab90c692e9, platform=ANDROID, appActivity=com.skygiraffe.operationaldata.LoginScreenActivity, desired={app=/Users/sgmacbookpro/Appium/Android/SkyGiraffe.apk, appPackage=com.skygiraffe.operationaldata, appActivity=com.skygiraffe.operationaldata.LoginScreenActivity, appium-version=1.3.7, platformVersion=5.1, browserName=android, platformName=Android, version=, deviceName=Nexus 4, platform=ANDROID}, appium-version=1.3.7, platformVersion=5.1.1, webStorageEnabled=false, locationContextEnabled=false, browserName=android, takesScreenshot=true, javascriptEnabled=true, platformName=Android}]
Session ID: de8a6743-c8f0-4f0f-9a0d-8f2d86e37785
	at org.openqa.selenium.remote.ErrorHandler.createThrowable(ErrorHandler.java:204)
	at org.openqa.selenium.remote.ErrorHandler.throwIfResponseFailed(ErrorHandler.java:156)
	at org.openqa.selenium.remote.RemoteWebDriver.execute(RemoteWebDriver.java:599)
	at io.appium.java_client.AppiumDriver.execute(AppiumDriver.java:180)
	at org.openqa.selenium.remote.RemoteWebDriver.findElement(RemoteWebDriver.java:352)
	at io.appium.java_client.android.AndroidDriver.findElementByAndroidUIAutomator(AndroidDriver.java:244)
	at io.appium.java_client.android.AndroidDriver.scrollToExact(AndroidDriver.java:65)
	at Native.SanityAndroid.loginSample(SanityAndroid.java:107)
... Removed 28 stack frames]]>
    </failure>
  </testcase> <!-- loginSample -->
</testsuite> <!-- Sanity Tests -->
