<!DOCTYPE html PUBLIC "-//W3C//DTD XHTML 1.1//EN" "http://www.w3.org/TR/xhtml11/DTD/xhtml11.dtd">
<html xmlns="http://www.w3.org/1999/xhtml"><head><title>TestNG Report</title><style type="text/css">table {margin-bottom:10px;border-collapse:collapse;empty-cells:show}th,td {border:1px solid #009;padding:.25em .5em}th {vertical-align:bottom}td {vertical-align:top}table a {font-weight:bold}.stripe td {background-color: #E6EBF9}.num {text-align:right}.passedodd td {background-color: #3F3}.passedeven td {background-color: #0A0}.skippedodd td {background-color: #DDD}.skippedeven td {background-color: #CCC}.failedodd td,.attn {background-color: #F33}.failedeven td,.stripe .attn {background-color: #D00}.stacktrace {white-space:pre;font-family:monospace}.totop {font-size:85%;text-align:center;border-bottom:2px solid #000}</style></head><body><table><tr><th>Test</th><th># Passed</th><th># Skipped</th><th># Failed</th><th>Time (ms)</th><th>Included Groups</th><th>Excluded Groups</th></tr><tr><th colspan="7">Suite</th></tr><tr><td><a href="#t0">Sanity Tests</a></td><td class="num">0</td><td class="num">0</td><td class="num attn">3</td><td class="num">181,988</td><td>Sanity Android</td><td></td></tr></table><table><thead><tr><th>Class</th><th>Method</th><th>Start</th><th>Time (ms)</th></tr></thead><tbody><tr><th colspan="4">Suite</th></tr></tbody><tbody id="t0"><tr><th colspan="4">Sanity Tests &#8212; failed</th></tr><tr class="failedeven"><td rowspan="3">Native.SanityAndroid</td><td><a href="#m0">loginSample</a></td><td rowspan="3">1444291535507</td><td rowspan="3">83724</td></tr><tr class="failedeven"><td><a href="#m1">loginSample</a></td></tr><tr class="failedeven"><td><a href="#m2">loginSample</a></td></tr></tbody></table><h2>Sanity Tests</h2><h3 id="m0">Native.SanityAndroid#loginSample</h3><table class="result"><tr><th>Exception</th></tr><tr><td><div class="stacktrace">com.applitools.eyes.TestFailedException: &apos;Droid_SampleApp- Order Lookup parameters&apos; of &apos;Droid_SG&apos;. See details at https://eyes.applitools.com/app/sessions/251958009224252
	at com.applitools.eyes.EyesBase.close(EyesBase.java:504)
	at com.applitools.eyes.Eyes.close(Eyes.java:22)
	at com.applitools.eyes.EyesBase.close(EyesBase.java:444)
	at com.applitools.eyes.Eyes.close(Eyes.java:22)
	at Native.DroidMethods.eyesCheckWindow(DroidMethods.java:77)
	at Native.SanityAndroid.loginSample(SanityAndroid.java:232)
... Removed 24 stack frames</div></td></tr></table><p class="totop"><a href="#summary">back to summary</a></p><h3 id="m1">Native.SanityAndroid#loginSample</h3><table class="result"><tr><th>Exception</th></tr><tr><td><div class="stacktrace">org.openqa.selenium.NoSuchElementException: An element could not be located on the page using the given search parameters. (WARNING: The server did not provide any stacktrace information)
Command duration or timeout: 48.02 seconds
For documentation on this error, please visit: http://seleniumhq.org/exceptions/no_such_element.html
Build info: version: &apos;2.44.0&apos;, revision: &apos;76d78cf323ce037c5f92db6c1bba601c2ac43ad8&apos;, time: &apos;2014-10-23 13:11:40&apos;
System info: host: &apos;SGMacBookPROs-MacBook-Pro.local&apos;, ip: &apos;10.0.0.92&apos;, os.name: &apos;Mac OS X&apos;, os.arch: &apos;x86_64&apos;, os.version: &apos;10.10.5&apos;, java.version: &apos;1.8.0_40&apos;
Driver info: io.appium.java_client.android.AndroidDriver
Capabilities [{app=/Users/sgmacbookpro/Appium/Android/SkyGiraffe.apk, appPackage=com.skygiraffe.operationaldata, networkConnectionEnabled=true, warnings={}, databaseEnabled=false, version=, deviceName=04d736ab90c692e9, platform=ANDROID, appActivity=com.skygiraffe.operationaldata.LoginScreenActivity, desired={app=/Users/sgmacbookpro/Appium/Android/SkyGiraffe.apk, appPackage=com.skygiraffe.operationaldata, appActivity=com.skygiraffe.operationaldata.LoginScreenActivity, appium-version=1.3.7, platformVersion=5.1, browserName=android, platformName=Android, version=, deviceName=Nexus 4, platform=ANDROID}, appium-version=1.3.7, platformVersion=5.1.1, webStorageEnabled=false, locationContextEnabled=false, browserName=android, takesScreenshot=true, javascriptEnabled=true, platformName=Android}]
Session ID: de8a6743-c8f0-4f0f-9a0d-8f2d86e37785
	at org.openqa.selenium.remote.ErrorHandler.createThrowable(ErrorHandler.java:204)
	at org.openqa.selenium.remote.ErrorHandler.throwIfResponseFailed(ErrorHandler.java:156)
	at org.openqa.selenium.remote.RemoteWebDriver.execute(RemoteWebDriver.java:599)
	at io.appium.java_client.AppiumDriver.execute(AppiumDriver.java:180)
	at org.openqa.selenium.remote.RemoteWebDriver.findElement(RemoteWebDriver.java:352)
	at io.appium.java_client.android.AndroidDriver.findElementByAndroidUIAutomator(AndroidDriver.java:244)
	at io.appium.java_client.android.AndroidDriver.scrollToExact(AndroidDriver.java:65)
	at Native.SanityAndroid.loginSample(SanityAndroid.java:107)
... Removed 28 stack frames</div></td></tr></table><p class="totop"><a href="#summary">back to summary</a></p><h3 id="m2">Native.SanityAndroid#loginSample</h3><table class="result"><tr><th>Exception</th></tr><tr><td><div class="stacktrace">org.openqa.selenium.NoSuchElementException: An element could not be located on the page using the given search parameters. (WARNING: The server did not provide any stacktrace information)
Command duration or timeout: 48.95 seconds
For documentation on this error, please visit: http://seleniumhq.org/exceptions/no_such_element.html
Build info: version: &apos;2.44.0&apos;, revision: &apos;76d78cf323ce037c5f92db6c1bba601c2ac43ad8&apos;, time: &apos;2014-10-23 13:11:40&apos;
System info: host: &apos;SGMacBookPROs-MacBook-Pro.local&apos;, ip: &apos;10.0.0.92&apos;, os.name: &apos;Mac OS X&apos;, os.arch: &apos;x86_64&apos;, os.version: &apos;10.10.5&apos;, java.version: &apos;1.8.0_40&apos;
Driver info: io.appium.java_client.android.AndroidDriver
Capabilities [{app=/Users/sgmacbookpro/Appium/Android/SkyGiraffe.apk, appPackage=com.skygiraffe.operationaldata, networkConnectionEnabled=true, warnings={}, databaseEnabled=false, version=, deviceName=04d736ab90c692e9, platform=ANDROID, appActivity=com.skygiraffe.operationaldata.LoginScreenActivity, desired={app=/Users/sgmacbookpro/Appium/Android/SkyGiraffe.apk, appPackage=com.skygiraffe.operationaldata, appActivity=com.skygiraffe.operationaldata.LoginScreenActivity, appium-version=1.3.7, platformVersion=5.1, browserName=android, platformName=Android, version=, deviceName=Nexus 4, platform=ANDROID}, appium-version=1.3.7, platformVersion=5.1.1, webStorageEnabled=false, locationContextEnabled=false, browserName=android, takesScreenshot=true, javascriptEnabled=true, platformName=Android}]
Session ID: de8a6743-c8f0-4f0f-9a0d-8f2d86e37785
	at org.openqa.selenium.remote.ErrorHandler.createThrowable(ErrorHandler.java:204)
	at org.openqa.selenium.remote.ErrorHandler.throwIfResponseFailed(ErrorHandler.java:156)
	at org.openqa.selenium.remote.RemoteWebDriver.execute(RemoteWebDriver.java:599)
	at io.appium.java_client.AppiumDriver.execute(AppiumDriver.java:180)
	at org.openqa.selenium.remote.RemoteWebDriver.findElement(RemoteWebDriver.java:352)
	at io.appium.java_client.android.AndroidDriver.findElementByAndroidUIAutomator(AndroidDriver.java:244)
	at io.appium.java_client.android.AndroidDriver.scrollToExact(AndroidDriver.java:65)
	at Native.SanityAndroid.loginSample(SanityAndroid.java:107)
... Removed 28 stack frames</div></td></tr></table><p class="totop"><a href="#summary">back to summary</a></p></body></html>